<?xml version="1.0" encoding="UTF-8"?>
<!-- Generated by org.testng.reporters.JUnitXMLReporter -->
<testsuite hostname="GISBIZ-LTP-85" ignored="0" name="Test" tests="4" failures="0" timestamp="13 Aug 2018 09:33:32 GMT" time="69.375" errors="0">
  <testcase name="createLead" time="5.563" classname="reportsTestday6.CreateLead"/>
  <testcase name="createLead" time="4.763" classname="reportsTestday6.CreateLead"/>
  <testcase name="createLead" time="4.501" classname="reportsTestday6.CreateLead"/>
  <testcase name="EditLeadTest" time="9.012" classname="reportsTestday6.EditLead"/>
</testsuite> <!-- Test -->
